Arguments: 
  /usr/local/bin/node /usr/local/bin/yarn add bcryptjs

PATH: 
  /usr/local/opt/mongodb-community@4.4/bin:/usr/local/opt/mongodb-community@4.4/bin:/usr/local/opt/mongodb-community@4.4/bin:/Library/Frameworks/Python.framework/Versions/3.9/bin:/usr/local/bin:/usr/bin:/bin:/usr/sbin:/sbin:/opt/X11/bin:/Library/Frameworks/Mono.framework/Versions/Current/Commands:/Applications/Postgres.app/Contents/Versions/latest/bin:/usr/local/mysql/bin

Yarn version: 
  1.22.18

Node version: 
  16.14.2

Platform: 
  darwin x64

Trace: 
  Error: getaddrinfo ENOTFOUND registry.yarnpkg.com
      at GetAddrInfoReqWrap.onlookup [as oncomplete] (node:dns:71:26)

npm manifest: 
  {
    "name": "backend",
    "version": "1.0.0",
    "description": "Backend Service for BCR React Node",
    "main": "server/index.js",
    "scripts": {
      "test": "node server/index.js",
      "start": "node server/index.js",
      "dev": "nodemon server/index.js"
    },
    "keywords": [
      "API"
    ],
    "author": "Team 4",
    "license": "ISC",
    "dependencies": {
      "bcrypt": "^5.0.1",
      "body-parser": "^1.20.0",
      "cors": "^2.8.5",
      "dotenv": "^16.0.1",
      "express": "^4.18.1",
      "jsonwebtoken": "^8.5.1",
      "pg": "^8.7.3",
      "pg-hstore": "^2.3.4",
      "sequelize": "^6.19.2"
    },
    "devDependencies": {
      "nodemon": "^2.0.16",
      "sequelize-cli": "^6.4.1"
    }
  }

yarn manifest: 
  No manifest

Lockfile: 
  No lockfile
